<?xml version="1.0" encoding="UTF-8"?>
<!-- Generated by org.testng.reporters.JUnitXMLReporter -->
<testsuite ignored="0" hostname="DESKTOP-9RRHUIK" failures="1" tests="1" name="Test" time="0.184" errors="0" timestamp="2024-09-24T08:52:05 IST">
  <testcase classname="endtoend.Standalonetest" name="ecommercetest" time="0.054">
    <failure type="java.lang.NullPointerException" message="Cannot invoke &amp;quot;org.openqa.selenium.WebDriver.get(String)&amp;quot; because &amp;quot;this.driver&amp;quot; is null">
      <![CDATA[java.lang.NullPointerException: Cannot invoke "org.openqa.selenium.WebDriver.get(String)" because "this.driver" is null
at Parentutility.Baseclass.intializedriver(Baseclass.java:31)
at Parentutility.Baseclass.loginapplication(Baseclass.java:40)
at endtoend.Standalonetest.ecommercetest(Standalonetest.java:40)
at java.base/java.util.ArrayList.forEach(ArrayList.java:1596)
... Removed 25 stack frames]]>
    </failure>
  </testcase> <!-- ecommercetest -->
</testsuite> <!-- Test -->
